# JRE version: OpenJDK Runtime Environment Temurin-21.0.9+10 (21.0.9+10) (build 21.0.9+10-LTS)
# Java VM: OpenJDK 64-Bit Server VM Temurin-21.0.9+10 (21.0.9+10-LTS, mixed mode, sharing, tiered, compressed oops, compressed class ptrs, parallel gc, windows-amd64)
GC Precious Log:
 CardTable entry size: 512
 CPUs: 6 total, 6 available
 Memory: 16180M
 Large Page Support: Disabled
 NUMA Support: Disabled
 Compressed Oops: Enabled (32-bit)
 Alignments: Space 512K, Generation 512K, Heap 2M
 Heap Min Capacity: 100M
 Heap Initial Capacity: 100M
 Heap Max Capacity: 2G
 Pre-touch: Disabled
 Parallel Workers: 6
Heap:
 PSYoungGen      total 9728K, used 482K [0x00000000d5580000, 0x00000000d6080000, 0x0000000100000000)
  eden space 9216K, 3% used [0x00000000d5580000,0x00000000d55ca060,0x00000000d5e80000)
  from space 512K, 36% used [0x00000000d6000000,0x00000000d602e900,0x00000000d6080000)
  to   space 512K, 0% used [0x00000000d5f80000,0x00000000d5f80000,0x00000000d6000000)
 ParOldGen       total 1378304K, used 134618K [0x0000000080000000, 0x00000000d4200000, 0x00000000d5580000)
  object space 1378304K, 9% used [0x0000000080000000,0x0000000088376838,0x00000000d4200000)
 Metaspace       used 89197K, committed 90880K, reserved 1179648K
  class space    used 9539K, committed 10304K, reserved 1048576K
GC Heap History (20 events):
Event: 5186.842 GC heap before
{Heap before GC invocations=1113 (full 4):
 PSYoungGen      total 8192K, used 7786K [0x00000000d5580000, 0x00000000d6280000, 0x0000000100000000)
  eden space 6144K, 99% used [0x00000000d5580000,0x00000000d5b7f700,0x00000000d5b80000)
  from space 2048K, 80% used [0x00000000d6080000,0x00000000d621b418,0x00000000d6280000)
  to   space 2048K, 0% used [0x00000000d5e80000,0x00000000d5e80000,0x00000000d6080000)
 ParOldGen       total 1378304K, used 127557K [0x0000000080000000, 0x00000000d4200000, 0x00000000d5580000)
  object space 1378304K, 9% used [0x0000000080000000,0x0000000087c91450,0x00000000d4200000)
 Metaspace       used 88558K, committed 90176K, reserved 1179648K
  class space    used 9513K, committed 10240K, reserved 1048576K
}
Event: 5186.864 GC heap after
{Heap after GC invocations=1113 (full 4):
 PSYoungGen      total 9216K, used 1511K [0x00000000d5580000, 0x00000000d6100000, 0x0000000100000000)
  eden space 7680K, 0% used [0x00000000d5580000,0x00000000d5580000,0x00000000d5d00000)
  from space 1536K, 98% used [0x00000000d5e80000,0x00000000d5ff9d98,0x00000000d6000000)
  to   space 1024K, 0% used [0x00000000d6000000,0x00000000d6000000,0x00000000d6100000)
 ParOldGen       total 1378304K, used 129240K [0x0000000080000000, 0x00000000d4200000, 0x00000000d5580000)
  object space 1378304K, 9% used [0x0000000080000000,0x0000000087e361c0,0x00000000d4200000)
 Metaspace       used 88558K, committed 90176K, reserved 1179648K
  class space    used 9513K, committed 10240K, reserved 1048576K
}
Event: 5186.877 GC heap before
{Heap before GC invocations=1114 (full 4):
 PSYoungGen      total 9216K, used 9191K [0x00000000d5580000, 0x00000000d6100000, 0x0000000100000000)
  eden space 7680K, 100% used [0x00000000d5580000,0x00000000d5d00000,0x00000000d5d00000)
  from space 1536K, 98% used [0x00000000d5e80000,0x00000000d5ff9d98,0x00000000d6000000)
  to   space 1024K, 0% used [0x00000000d6000000,0x00000000d6000000,0x00000000d6100000)
 ParOldGen       total 1378304K, used 129240K [0x0000000080000000, 0x00000000d4200000, 0x00000000d5580000)
  object space 1378304K, 9% used [0x0000000080000000,0x0000000087e361c0,0x00000000d4200000)
 Metaspace       used 88577K, committed 90176K, reserved 1179648K
  class space    used 9513K, committed 10240K, reserved 1048576K
}
Event: 5186.879 GC heap after
{Heap after GC invocations=1114 (full 4):
 PSYoungGen      total 10240K, used 992K [0x00000000d5580000, 0x00000000d6180000, 0x0000000100000000)
  eden space 9216K, 0% used [0x00000000d5580000,0x00000000d5580000,0x00000000d5e80000)
  from space 1024K, 96% used [0x00000000d6000000,0x00000000d60f8000,0x00000000d6100000)
  to   space 1536K, 0% used [0x00000000d5e80000,0x00000000d5e80000,0x00000000d6000000)
 ParOldGen       total 1378304K, used 130659K [0x0000000080000000, 0x00000000d4200000, 0x00000000d5580000)
  object space 1378304K, 9% used [0x0000000080000000,0x0000000087f98fc0,0x00000000d4200000)
 Metaspace       used 88577K, committed 90176K, reserved 1179648K
  class space    used 9513K, committed 10240K, reserved 1048576K
}
Event: 5186.904 GC heap before
{Heap before GC invocations=1115 (full 4):
 PSYoungGen      total 10240K, used 10208K [0x00000000d5580000, 0x00000000d6180000, 0x0000000100000000)
  eden space 9216K, 100% used [0x00000000d5580000,0x00000000d5e80000,0x00000000d5e80000)
  from space 1024K, 96% used [0x00000000d6000000,0x00000000d60f8000,0x00000000d6100000)
  to   space 1536K, 0% used [0x00000000d5e80000,0x00000000d5e80000,0x00000000d6000000)
 ParOldGen       total 1378304K, used 130659K [0x0000000080000000, 0x00000000d4200000, 0x00000000d5580000)
  object space 1378304K, 9% used [0x0000000080000000,0x0000000087f98fc0,0x00000000d4200000)
 Metaspace       used 88606K, committed 90240K, reserved 1179648K
  class space    used 9514K, committed 10240K, reserved 1048576K
}
Event: 5186.906 GC heap after
{Heap after GC invocations=1115 (full 4):
 PSYoungGen      total 10752K, used 1535K [0x00000000d5580000, 0x00000000d6280000, 0x0000000100000000)
  eden space 9216K, 0% used [0x00000000d5580000,0x00000000d5580000,0x00000000d5e80000)
  from space 1536K, 99% used [0x00000000d5e80000,0x00000000d5ffff60,0x00000000d6000000)
  to   space 2048K, 0% used [0x00000000d6080000,0x00000000d6080000,0x00000000d6280000)
 ParOldGen       total 1378304K, used 131587K [0x0000000080000000, 0x00000000d4200000, 0x00000000d5580000)
  object space 1378304K, 9% used [0x0000000080000000,0x0000000088080fc0,0x00000000d4200000)
 Metaspace       used 88606K, committed 90240K, reserved 1179648K
  class space    used 9514K, committed 10240K, reserved 1048576K
}
Event: 5186.992 GC heap before
{Heap before GC invocations=1116 (full 4):
 PSYoungGen      total 10752K, used 10751K [0x00000000d5580000, 0x00000000d6280000, 0x0000000100000000)
  eden space 9216K, 100% used [0x00000000d5580000,0x00000000d5e80000,0x00000000d5e80000)
  from space 1536K, 99% used [0x00000000d5e80000,0x00000000d5ffff60,0x00000000d6000000)
  to   space 2048K, 0% used [0x00000000d6080000,0x00000000d6080000,0x00000000d6280000)
 ParOldGen       total 1378304K, used 131587K [0x0000000080000000, 0x00000000d4200000, 0x00000000d5580000)
  object space 1378304K, 9% used [0x0000000080000000,0x0000000088080fc0,0x00000000d4200000)
 Metaspace       used 88829K, committed 90432K, reserved 1179648K
  class space    used 9519K, committed 10240K, reserved 1048576K
}
Event: 5186.994 GC heap after
{Heap after GC invocations=1116 (full 4):
 PSYoungGen      total 10240K, used 1012K [0x00000000d5580000, 0x00000000d6180000, 0x0000000100000000)
  eden space 9216K, 0% used [0x00000000d5580000,0x00000000d5580000,0x00000000d5e80000)
  from space 1024K, 98% used [0x00000000d6080000,0x00000000d617d200,0x00000000d6180000)
  to   space 1536K, 0% used [0x00000000d5e80000,0x00000000d5e80000,0x00000000d6000000)
 ParOldGen       total 1378304K, used 133072K [0x0000000080000000, 0x00000000d4200000, 0x00000000d5580000)
  object space 1378304K, 9% used [0x0000000080000000,0x00000000881f42e8,0x00000000d4200000)
 Metaspace       used 88829K, committed 90432K, reserved 1179648K
  class space    used 9519K, committed 10240K, reserved 1048576K
}
Event: 5187.097 GC heap before
{Heap before GC invocations=1117 (full 4):
 PSYoungGen      total 10240K, used 10228K [0x00000000d5580000, 0x00000000d6180000, 0x0000000100000000)
  eden space 9216K, 100% used [0x00000000d5580000,0x00000000d5e80000,0x00000000d5e80000)
  from space 1024K, 98% used [0x00000000d6080000,0x00000000d617d200,0x00000000d6180000)
  to   space 1536K, 0% used [0x00000000d5e80000,0x00000000d5e80000,0x00000000d6000000)
 ParOldGen       total 1378304K, used 133072K [0x0000000080000000, 0x00000000d4200000, 0x00000000d5580000)
  object space 1378304K, 9% used [0x0000000080000000,0x00000000881f42e8,0x00000000d4200000)
 Metaspace       used 88866K, committed 90496K, reserved 1179648K
  class space    used 9521K, committed 10240K, reserved 1048576K
}
Event: 5187.098 GC heap after
{Heap after GC invocations=1117 (full 4):
 PSYoungGen      total 10752K, used 224K [0x00000000d5580000, 0x00000000d6100000, 0x0000000100000000)
  eden space 9216K, 0% used [0x00000000d5580000,0x00000000d5580000,0x00000000d5e80000)
  from space 1536K, 14% used [0x00000000d5e80000,0x00000000d5eb8000,0x00000000d6000000)
  to   space 1024K, 0% used [0x00000000d6000000,0x00000000d6000000,0x00000000d6100000)
 ParOldGen       total 1378304K, used 133944K [0x0000000080000000, 0x00000000d4200000, 0x00000000d5580000)
  object space 1378304K, 9% used [0x0000000080000000,0x00000000882ce258,0x00000000d4200000)
 Metaspace       used 88866K, committed 90496K, reserved 1179648K
  class space    used 9521K, committed 10240K, reserved 1048576K
}
Event: 5187.682 GC heap before
{Heap before GC invocations=1118 (full 4):
 PSYoungGen      total 10752K, used 9440K [0x00000000d5580000, 0x00000000d6100000, 0x0000000100000000)
  eden space 9216K, 100% used [0x00000000d5580000,0x00000000d5e80000,0x00000000d5e80000)
  from space 1536K, 14% used [0x00000000d5e80000,0x00000000d5eb8000,0x00000000d6000000)
  to   space 1024K, 0% used [0x00000000d6000000,0x00000000d6000000,0x00000000d6100000)
 ParOldGen       total 1378304K, used 133944K [0x0000000080000000, 0x00000000d4200000, 0x00000000d5580000)
  object space 1378304K, 9% used [0x0000000080000000,0x00000000882ce258,0x00000000d4200000)
 Metaspace       used 88956K, committed 90624K, reserved 1179648K
  class space    used 9523K, committed 10240K, reserved 1048576K
}
Event: 5187.682 GC heap after
{Heap after GC invocations=1118 (full 4):
 PSYoungGen      total 9728K, used 426K [0x00000000d5580000, 0x00000000d6080000, 0x0000000100000000)
  eden space 9216K, 0% used [0x00000000d5580000,0x00000000d5580000,0x00000000d5e80000)
  from space 512K, 83% used [0x00000000d6000000,0x00000000d606a910,0x00000000d6080000)
  to   space 512K, 0% used [0x00000000d5f80000,0x00000000d5f80000,0x00000000d6000000)
 ParOldGen       total 1378304K, used 134037K [0x0000000080000000, 0x00000000d4200000, 0x00000000d5580000)
  object space 1378304K, 9% used [0x0000000080000000,0x00000000882e54e8,0x00000000d4200000)
 Metaspace       used 88956K, committed 90624K, reserved 1179648K
  class space    used 9523K, committed 10240K, reserved 1048576K
}
Event: 7665.155 GC heap before
{Heap before GC invocations=1119 (full 4):
 PSYoungGen      total 9728K, used 9642K [0x00000000d5580000, 0x00000000d6080000, 0x0000000100000000)
  eden space 9216K, 100% used [0x00000000d5580000,0x00000000d5e80000,0x00000000d5e80000)
  from space 512K, 83% used [0x00000000d6000000,0x00000000d606a910,0x00000000d6080000)
  to   space 512K, 0% used [0x00000000d5f80000,0x00000000d5f80000,0x00000000d6000000)
 ParOldGen       total 1378304K, used 134037K [0x0000000080000000, 0x00000000d4200000, 0x00000000d5580000)
  object space 1378304K, 9% used [0x0000000080000000,0x00000000882e54e8,0x00000000d4200000)
 Metaspace       used 89080K, committed 90688K, reserved 1179648K
  class space    used 9529K, committed 10240K, reserved 1048576K
}
Event: 7665.203 GC heap after
{Heap after GC invocations=1119 (full 4):
 PSYoungGen      total 9728K, used 499K [0x00000000d5580000, 0x00000000d6080000, 0x0000000100000000)
  eden space 9216K, 0% used [0x00000000d5580000,0x00000000d5580000,0x00000000d5e80000)
  from space 512K, 97% used [0x00000000d5f80000,0x00000000d5ffccd0,0x00000000d6000000)
  to   space 512K, 0% used [0x00000000d6000000,0x00000000d6000000,0x00000000d6080000)
 ParOldGen       total 1378304K, used 134290K [0x0000000080000000, 0x00000000d4200000, 0x00000000d5580000)
  object space 1378304K, 9% used [0x0000000080000000,0x0000000088324818,0x00000000d4200000)
 Metaspace       used 89080K, committed 90688K, reserved 1179648K
  class space    used 9529K, committed 10240K, reserved 1048576K
}
Event: 7743.236 GC heap before
{Heap before GC invocations=1120 (full 4):
 PSYoungGen      total 9728K, used 9715K [0x00000000d5580000, 0x00000000d6080000, 0x0000000100000000)
  eden space 9216K, 100% used [0x00000000d5580000,0x00000000d5e80000,0x00000000d5e80000)
  from space 512K, 97% used [0x00000000d5f80000,0x00000000d5ffccd0,0x00000000d6000000)
  to   space 512K, 0% used [0x00000000d6000000,0x00000000d6000000,0x00000000d6080000)
 ParOldGen       total 1378304K, used 134290K [0x0000000080000000, 0x00000000d4200000, 0x00000000d5580000)
  object space 1378304K, 9% used [0x0000000080000000,0x0000000088324818,0x00000000d4200000)
 Metaspace       used 89165K, committed 90880K, reserved 1179648K
  class space    used 9537K, committed 10304K, reserved 1048576K
}
Event: 7743.270 GC heap after
{Heap after GC invocations=1120 (full 4):
 PSYoungGen      total 9728K, used 372K [0x00000000d5580000, 0x00000000d6080000, 0x0000000100000000)
  eden space 9216K, 0% used [0x00000000d5580000,0x00000000d5580000,0x00000000d5e80000)
  from space 512K, 72% used [0x00000000d6000000,0x00000000d605d220,0x00000000d6080000)
  to   space 512K, 0% used [0x00000000d5f80000,0x00000000d5f80000,0x00000000d6000000)
 ParOldGen       total 1378304K, used 134370K [0x0000000080000000, 0x00000000d4200000, 0x00000000d5580000)
  object space 1378304K, 9% used [0x0000000080000000,0x0000000088338818,0x00000000d4200000)
 Metaspace       used 89165K, committed 90880K, reserved 1179648K
  class space    used 9537K, committed 10304K, reserved 1048576K
}
Event: 7743.368 GC heap before
{Heap before GC invocations=1121 (full 4):
 PSYoungGen      total 9728K, used 9588K [0x00000000d5580000, 0x00000000d6080000, 0x0000000100000000)
  eden space 9216K, 100% used [0x00000000d5580000,0x00000000d5e80000,0x00000000d5e80000)
  from space 512K, 72% used [0x00000000d6000000,0x00000000d605d220,0x00000000d6080000)
  to   space 512K, 0% used [0x00000000d5f80000,0x00000000d5f80000,0x00000000d6000000)
 ParOldGen       total 1378304K, used 134370K [0x0000000080000000, 0x00000000d4200000, 0x00000000d5580000)
  object space 1378304K, 9% used [0x0000000080000000,0x0000000088338818,0x00000000d4200000)
 Metaspace       used 89195K, committed 90880K, reserved 1179648K
  class space    used 9539K, committed 10304K, reserved 1048576K
}
Event: 7743.387 GC heap after
{Heap after GC invocations=1121 (full 4):
 PSYoungGen      total 9728K, used 218K [0x00000000d5580000, 0x00000000d6080000, 0x0000000100000000)
  eden space 9216K, 0% used [0x00000000d5580000,0x00000000d5580000,0x00000000d5e80000)
  from space 512K, 42% used [0x00000000d5f80000,0x00000000d5fb6900,0x00000000d6000000)
  to   space 512K, 0% used [0x00000000d6000000,0x00000000d6000000,0x00000000d6080000)
 ParOldGen       total 1378304K, used 134554K [0x0000000080000000, 0x00000000d4200000, 0x00000000d5580000)
  object space 1378304K, 9% used [0x0000000080000000,0x0000000088366838,0x00000000d4200000)
 Metaspace       used 89195K, committed 90880K, reserved 1179648K
  class space    used 9539K, committed 10304K, reserved 1048576K
}
Event: 7793.871 GC heap before
{Heap before GC invocations=1122 (full 4):
 PSYoungGen      total 9728K, used 9434K [0x00000000d5580000, 0x00000000d6080000, 0x0000000100000000)
  eden space 9216K, 100% used [0x00000000d5580000,0x00000000d5e80000,0x00000000d5e80000)
  from space 512K, 42% used [0x00000000d5f80000,0x00000000d5fb6900,0x00000000d6000000)
  to   space 512K, 0% used [0x00000000d6000000,0x00000000d6000000,0x00000000d6080000)
 ParOldGen       total 1378304K, used 134554K [0x0000000080000000, 0x00000000d4200000, 0x00000000d5580000)
  object space 1378304K, 9% used [0x0000000080000000,0x0000000088366838,0x00000000d4200000)
 Metaspace       used 89197K, committed 90880K, reserved 1179648K
  class space    used 9539K, committed 10304K, reserved 1048576K
}
Event: 7795.769 GC heap after
{Heap after GC invocations=1122 (full 4):
 PSYoungGen      total 9728K, used 186K [0x00000000d5580000, 0x00000000d6080000, 0x0000000100000000)
  eden space 9216K, 0% used [0x00000000d5580000,0x00000000d5580000,0x00000000d5e80000)
  from space 512K, 36% used [0x00000000d6000000,0x00000000d602e900,0x00000000d6080000)
  to   space 512K, 0% used [0x00000000d5f80000,0x00000000d5f80000,0x00000000d6000000)
 ParOldGen       total 1378304K, used 134618K [0x0000000080000000, 0x00000000d4200000, 0x00000000d5580000)
  object space 1378304K, 9% used [0x0000000080000000,0x0000000088376838,0x00000000d4200000)
 Metaspace       used 89197K, committed 90880K, reserved 1179648K
  class space    used 9539K, committed 10304K, reserved 1048576K
}

